  Close.c
  Print.c
C:\Users\Cbl04\Desktop\ABL\3.学习总\1.编程\6.操作系统\1.操作系统设计原理\作业\操作系统实践升级版-2024.12.26\homework - 升级版2024.12.27\Project1\Close.c(11,4): warning C4013: “strcpy”未定义；假设外部返回 int
  磁盘调度算法.c
  读取文本.c
C:\Users\Cbl04\Desktop\ABL\3.学习总\1.编程\6.操作系统\1.操作系统设计原理\作业\操作系统实践升级版-2024.12.26\homework - 升级版2024.12.27\Project1\读取文本.c(93,5): warning C4013: “strncpy”未定义；假设外部返回 int
C:\Users\Cbl04\Desktop\ABL\3.学习总\1.编程\6.操作系统\1.操作系统设计原理\作业\操作系统实践升级版-2024.12.26\homework - 升级版2024.12.27\Project1\读取文本.c(97,5): warning C4098: “fileManage”:“void”函数返回值
  虚拟存储器管理.c
  Global_Init.c
  Init.c
C:\Users\Cbl04\Desktop\ABL\3.学习总\1.编程\6.操作系统\1.操作系统设计原理\作业\操作系统实践升级版-2024.12.26\homework - 升级版2024.12.27\Project1\Init.c(20,2): warning C4013: “strcpy”未定义；假设外部返回 int
C:\Users\Cbl04\Desktop\ABL\3.学习总\1.编程\6.操作系统\1.操作系统设计原理\作业\操作系统实践升级版-2024.12.26\homework - 升级版2024.12.27\Project1\Init.c(75,9): warning C4244: “函数”: 从“time_t”转换到“unsigned int”，可能丢失数据
C:\Users\Cbl04\Desktop\ABL\3.学习总\1.编程\6.操作系统\1.操作系统设计原理\作业\操作系统实践升级版-2024.12.26\homework - 升级版2024.12.27\Project1\Init.c(97,9): warning C4244: “函数”: 从“time_t”转换到“unsigned int”，可能丢失数据
  Main.c
C:\Users\Cbl04\Desktop\ABL\3.学习总\1.编程\6.操作系统\1.操作系统设计原理\作业\操作系统实践升级版-2024.12.26\homework - 升级版2024.12.27\Project1\Main.c(39,8): warning C4013: “strlen”未定义；假设外部返回 int
  存储器管理.c
C:\Users\Cbl04\Desktop\ABL\3.学习总\1.编程\6.操作系统\1.操作系统设计原理\作业\操作系统实践升级版-2024.12.26\homework - 升级版2024.12.27\Project1\存储器管理.c(36,2): warning C4013: “memset”未定义；假设外部返回 int
C:\Users\Cbl04\Desktop\ABL\3.学习总\1.编程\6.操作系统\1.操作系统设计原理\作业\操作系统实践升级版-2024.12.26\homework - 升级版2024.12.27\Project1\存储器管理.c(92,3): warning C4013: “Look_DeQueue”未定义；假设外部返回 int
C:\Users\Cbl04\Desktop\ABL\3.学习总\1.编程\6.操作系统\1.操作系统设计原理\作业\操作系统实践升级版-2024.12.26\homework - 升级版2024.12.27\Project1\存储器管理.c(93,3): warning C4013: “strcpy”未定义；假设外部返回 int
  PV.c
C:\Users\Cbl04\Desktop\ABL\3.学习总\1.编程\6.操作系统\1.操作系统设计原理\作业\操作系统实践升级版-2024.12.26\homework - 升级版2024.12.27\Project1\PV.c(29,2): warning C4013: “strcpy”未定义；假设外部返回 int
C:\Users\Cbl04\Desktop\ABL\3.学习总\1.编程\6.操作系统\1.操作系统设计原理\作业\操作系统实践升级版-2024.12.26\homework - 升级版2024.12.27\Project1\PV.c(35,3): warning C4013: “Look_DeQueue”未定义；假设外部返回 int
  Queue.c
C:\Users\Cbl04\Desktop\ABL\3.学习总\1.编程\6.操作系统\1.操作系统设计原理\作业\操作系统实践升级版-2024.12.26\homework - 升级版2024.12.27\Project1\Queue.c(31,2): warning C4013: “memcpy”未定义；假设外部返回 int
C:\Users\Cbl04\Desktop\ABL\3.学习总\1.编程\6.操作系统\1.操作系统设计原理\作业\操作系统实践升级版-2024.12.26\homework - 升级版2024.12.27\Project1\Queue.c(126,4): warning C4047: “=”:“int”与“PCBQueue *”的间接级别不同
  模拟多进程.c
C:\Users\Cbl04\Desktop\ABL\3.学习总\1.编程\6.操作系统\1.操作系统设计原理\作业\操作系统实践升级版-2024.12.26\homework - 升级版2024.12.27\Project1\模拟多进程.c(30,3): warning C4013: “strcpy”未定义；假设外部返回 int
C:\Users\Cbl04\Desktop\ABL\3.学习总\1.编程\6.操作系统\1.操作系统设计原理\作业\操作系统实践升级版-2024.12.26\homework - 升级版2024.12.27\Project1\模拟多进程.c(64,6): warning C4013: “Look_DeQueue”未定义；假设外部返回 int
  进程调度算法.c
  正在生成代码...
  Project1.vcxproj -> C:\Users\Cbl04\Desktop\ABL\3.学习总\1.编程\6.操作系统\1.操作系统设计原理\作业\操作系统实践升级版-2024.12.26\homework - 升级版2024.12.27\x64\Debug\Project1.exe
